<?xml version="1.0" encoding="UTF-8"?>
<testsuite xmlns:xsi="http://www.w3.org/2001/XMLSchema-instance" xsi:noNamespaceSchemaLocation="https://maven.apache.org/surefire/maven-surefire-plugin/xsd/surefire-test-report.xsd" name="TestSuite" time="29.491" tests="1" errors="0" skipped="0" failures="1">
  <properties>
[...]
</properties>
  <testcase name="createNewAccountTest" classname="com.demo.tests.CreateNewAccountTest" time="22.185">
    <failure message="The error is not matching expected [Too many users have this phone number listed as pending.] but found [Too many users have this phone number listed as pending.3344]" type="java.lang.AssertionError">java.lang.AssertionError: The error is not matching expected [Too many users have this phone number listed as pending.] but found [Too many users have this phone number listed as pending.3344]
	at com.demo.tests.CreateNewAccountTest.createNewAccountTest(CreateNewAccountTest.java:28)
</failure>
    <system-out><![CDATA[Accessing file :C:\Users\jeevant.kumar2\Desktop\code\DemoMavenProject\testdata\Automation_Test_Input_Data.xls
Accessing sheet :Demo
Looking for prefix :CreateNewAccount
]]></system-out>
    <system-err><![CDATA[SLF4J: Failed to load class "org.slf4j.impl.StaticLoggerBinder".
SLF4J: Defaulting to no-operation (NOP) logger implementation
SLF4J: See http://www.slf4j.org/codes.html#StaticLoggerBinder for further details.
Starting ChromeDriver 88.0.4324.96 (68dba2d8a0b149a1d3afac56fa74648032bcf46b-refs/branch-heads/4324@{#1784}) on port 18887
Only local connections are allowed.
Please see https://chromedriver.chromium.org/security-considerations for suggestions on keeping ChromeDriver safe.
ChromeDriver was started successfully.
Feb 04, 2021 12:39:30 PM org.openqa.selenium.remote.ProtocolHandshake createSession
INFO: Detected dialect: W3C
]]></system-err>
  </testcase>
</testsuite>